# JRE version: OpenJDK Runtime Environment Microsoft-10376486 (17.0.13+11) (build 17.0.13+11-LTS)
# Java VM: OpenJDK 64-Bit Server VM Microsoft-10376486 (17.0.13+11-LTS, mixed mode, sharing, tiered, compressed oops, compressed class ptrs, g1 gc, windows-amd64)
GC Precious Log:
 CPUs: 4 total, 4 available
 Memory: 8070M
 Large Page Support: Disabled
 NUMA Support: Disabled
 Compressed Oops: Enabled (32-bit)
 Heap Region Size: 1M
 Heap Min Capacity: 8M
 Heap Initial Capacity: 128M
 Heap Max Capacity: 2G
 Pre-touch: Disabled
 Parallel Workers: 4
 Concurrent Workers: 1
 Concurrent Refinement Workers: 4
 Periodic GC: Disabled
Heap:
 garbage-first heap   total 195584K, used 172422K [0x0000000080000000, 0x0000000100000000)
  region size 1024K, 2 young (2048K), 2 survivors (2048K)
 Metaspace       used 99506K, committed 100608K, reserved 557056K
  class space    used 13461K, committed 13952K, reserved 425984K
GC Heap History (20 events):
Event: 1004.586 GC heap after
{Heap after GC invocations=88 (full 0):
 garbage-first heap   total 195584K, used 170096K [0x0000000080000000, 0x0000000100000000)
  region size 1024K, 2 young (2048K), 2 survivors (2048K)
 Metaspace       used 99407K, committed 100480K, reserved 557056K
  class space    used 13446K, committed 13952K, reserved 425984K
}
Event: 1019.605 GC heap before
{Heap before GC invocations=88 (full 0):
 garbage-first heap   total 195584K, used 176240K [0x0000000080000000, 0x0000000100000000)
  region size 1024K, 9 young (9216K), 2 survivors (2048K)
 Metaspace       used 99409K, committed 100480K, reserved 557056K
  class space    used 13446K, committed 13952K, reserved 425984K
}
Event: 1019.615 GC heap after
{Heap after GC invocations=89 (full 0):
 garbage-first heap   total 195584K, used 170217K [0x0000000080000000, 0x0000000100000000)
  region size 1024K, 1 young (1024K), 1 survivors (1024K)
 Metaspace       used 99409K, committed 100480K, reserved 557056K
  class space    used 13446K, committed 13952K, reserved 425984K
}
Event: 1046.081 GC heap before
{Heap before GC invocations=89 (full 0):
 garbage-first heap   total 195584K, used 177385K [0x0000000080000000, 0x0000000100000000)
  region size 1024K, 9 young (9216K), 1 survivors (1024K)
 Metaspace       used 99430K, committed 100544K, reserved 557056K
  class space    used 13447K, committed 13952K, reserved 425984K
}
Event: 1046.088 GC heap after
{Heap after GC invocations=90 (full 0):
 garbage-first heap   total 195584K, used 170377K [0x0000000080000000, 0x0000000100000000)
  region size 1024K, 2 young (2048K), 2 survivors (2048K)
 Metaspace       used 99430K, committed 100544K, reserved 557056K
  class space    used 13447K, committed 13952K, reserved 425984K
}
Event: 1047.763 GC heap before
{Heap before GC invocations=90 (full 0):
 garbage-first heap   total 195584K, used 177545K [0x0000000080000000, 0x0000000100000000)
  region size 1024K, 9 young (9216K), 2 survivors (2048K)
 Metaspace       used 99492K, committed 100608K, reserved 557056K
  class space    used 13461K, committed 13952K, reserved 425984K
}
Event: 1047.770 GC heap after
{Heap after GC invocations=91 (full 0):
 garbage-first heap   total 195584K, used 171670K [0x0000000080000000, 0x0000000100000000)
  region size 1024K, 2 young (2048K), 2 survivors (2048K)
 Metaspace       used 99492K, committed 100608K, reserved 557056K
  class space    used 13461K, committed 13952K, reserved 425984K
}
Event: 1047.820 GC heap before
{Heap before GC invocations=91 (full 0):
 garbage-first heap   total 195584K, used 178838K [0x0000000080000000, 0x0000000100000000)
  region size 1024K, 9 young (9216K), 2 survivors (2048K)
 Metaspace       used 99506K, committed 100608K, reserved 557056K
  class space    used 13461K, committed 13952K, reserved 425984K
}
Event: 1047.826 GC heap after
{Heap after GC invocations=92 (full 0):
 garbage-first heap   total 195584K, used 171744K [0x0000000080000000, 0x0000000100000000)
  region size 1024K, 1 young (1024K), 1 survivors (1024K)
 Metaspace       used 99506K, committed 100608K, reserved 557056K
  class space    used 13461K, committed 13952K, reserved 425984K
}
Event: 1047.862 GC heap before
{Heap before GC invocations=92 (full 0):
 garbage-first heap   total 195584K, used 179936K [0x0000000080000000, 0x0000000100000000)
  region size 1024K, 9 young (9216K), 1 survivors (1024K)
 Metaspace       used 99506K, committed 100608K, reserved 557056K
  class space    used 13461K, committed 13952K, reserved 425984K
}
Event: 1047.863 GC heap after
{Heap after GC invocations=93 (full 0):
 garbage-first heap   total 195584K, used 171842K [0x0000000080000000, 0x0000000100000000)
  region size 1024K, 1 young (1024K), 1 survivors (1024K)
 Metaspace       used 99506K, committed 100608K, reserved 557056K
  class space    used 13461K, committed 13952K, reserved 425984K
}
Event: 1047.898 GC heap before
{Heap before GC invocations=93 (full 0):
 garbage-first heap   total 195584K, used 180034K [0x0000000080000000, 0x0000000100000000)
  region size 1024K, 9 young (9216K), 1 survivors (1024K)
 Metaspace       used 99506K, committed 100608K, reserved 557056K
  class space    used 13461K, committed 13952K, reserved 425984K
}
Event: 1048.083 GC heap after
{Heap after GC invocations=94 (full 0):
 garbage-first heap   total 195584K, used 171970K [0x0000000080000000, 0x0000000100000000)
  region size 1024K, 1 young (1024K), 1 survivors (1024K)
 Metaspace       used 99506K, committed 100608K, reserved 557056K
  class space    used 13461K, committed 13952K, reserved 425984K
}
Event: 1048.276 GC heap before
{Heap before GC invocations=94 (full 0):
 garbage-first heap   total 195584K, used 179138K [0x0000000080000000, 0x0000000100000000)
  region size 1024K, 9 young (9216K), 1 survivors (1024K)
 Metaspace       used 99506K, committed 100608K, reserved 557056K
  class space    used 13461K, committed 13952K, reserved 425984K
}
Event: 1048.278 GC heap after
{Heap after GC invocations=95 (full 0):
 garbage-first heap   total 195584K, used 172075K [0x0000000080000000, 0x0000000100000000)
  region size 1024K, 1 young (1024K), 1 survivors (1024K)
 Metaspace       used 99506K, committed 100608K, reserved 557056K
  class space    used 13461K, committed 13952K, reserved 425984K
}
Event: 1048.490 GC heap before
{Heap before GC invocations=95 (full 0):
 garbage-first heap   total 195584K, used 180267K [0x0000000080000000, 0x0000000100000000)
  region size 1024K, 9 young (9216K), 1 survivors (1024K)
 Metaspace       used 99506K, committed 100608K, reserved 557056K
  class space    used 13461K, committed 13952K, reserved 425984K
}
Event: 1048.493 GC heap after
{Heap after GC invocations=96 (full 0):
 garbage-first heap   total 195584K, used 172172K [0x0000000080000000, 0x0000000100000000)
  region size 1024K, 2 young (2048K), 2 survivors (2048K)
 Metaspace       used 99506K, committed 100608K, reserved 557056K
  class space    used 13461K, committed 13952K, reserved 425984K
}
Event: 1048.647 GC heap before
{Heap before GC invocations=96 (full 0):
 garbage-first heap   total 195584K, used 178316K [0x0000000080000000, 0x0000000100000000)
  region size 1024K, 9 young (9216K), 2 survivors (2048K)
 Metaspace       used 99506K, committed 100608K, reserved 557056K
  class space    used 13461K, committed 13952K, reserved 425984K
}
Event: 1048.652 GC heap after
{Heap after GC invocations=97 (full 0):
 garbage-first heap   total 195584K, used 172268K [0x0000000080000000, 0x0000000100000000)
  region size 1024K, 1 young (1024K), 1 survivors (1024K)
 Metaspace       used 99506K, committed 100608K, reserved 557056K
  class space    used 13461K, committed 13952K, reserved 425984K
}
Event: 1048.792 GC heap before
{Heap before GC invocations=97 (full 0):
 garbage-first heap   total 195584K, used 179436K [0x0000000080000000, 0x0000000100000000)
  region size 1024K, 9 young (9216K), 1 survivors (1024K)
 Metaspace       used 99506K, committed 100608K, reserved 557056K
  class space    used 13461K, committed 13952K, reserved 425984K
}

