# JRE version: OpenJDK Runtime Environment Microsoft-10376486 (17.0.13+11) (build 17.0.13+11-LTS)
# Java VM: OpenJDK 64-Bit Server VM Microsoft-10376486 (17.0.13+11-LTS, mixed mode, sharing, tiered, compressed oops, compressed class ptrs, g1 gc, windows-amd64)
GC Precious Log:
 CPUs: 4 total, 4 available
 Memory: 8070M
 Large Page Support: Disabled
 NUMA Support: Disabled
 Compressed Oops: Enabled (32-bit)
 Heap Region Size: 1M
 Heap Min Capacity: 8M
 Heap Initial Capacity: 128M
 Heap Max Capacity: 2G
 Pre-touch: Disabled
 Parallel Workers: 4
 Concurrent Workers: 1
 Concurrent Refinement Workers: 4
 Periodic GC: Disabled
Heap:
 garbage-first heap   total 273408K, used 159671K [0x0000000080000000, 0x0000000100000000)
  region size 1024K, 1 young (1024K), 1 survivors (1024K)
 Metaspace       used 103469K, committed 104448K, reserved 557056K
  class space    used 13926K, committed 14336K, reserved 425984K
GC Heap History (20 events):
Event: 637.816 GC heap after
{Heap after GC invocations=79 (full 0):
 garbage-first heap   total 273408K, used 129337K [0x0000000080000000, 0x0000000100000000)
  region size 1024K, 2 young (2048K), 2 survivors (2048K)
 Metaspace       used 99754K, committed 100608K, reserved 557056K
  class space    used 13512K, committed 13888K, reserved 425984K
}
Event: 659.322 GC heap before
{Heap before GC invocations=79 (full 0):
 garbage-first heap   total 273408K, used 201017K [0x0000000080000000, 0x0000000100000000)
  region size 1024K, 72 young (73728K), 2 survivors (2048K)
 Metaspace       used 100858K, committed 101824K, reserved 557056K
  class space    used 13637K, committed 14080K, reserved 425984K
}
Event: 659.333 GC heap after
{Heap after GC invocations=80 (full 0):
 garbage-first heap   total 273408K, used 134932K [0x0000000080000000, 0x0000000100000000)
  region size 1024K, 7 young (7168K), 7 survivors (7168K)
 Metaspace       used 100858K, committed 101824K, reserved 557056K
  class space    used 13637K, committed 14080K, reserved 425984K
}
Event: 661.033 GC heap before
{Heap before GC invocations=81 (full 0):
 garbage-first heap   total 273408K, used 206612K [0x0000000080000000, 0x0000000100000000)
  region size 1024K, 77 young (78848K), 7 survivors (7168K)
 Metaspace       used 100960K, committed 101952K, reserved 557056K
  class space    used 13649K, committed 14080K, reserved 425984K
}
Event: 661.093 GC heap after
{Heap after GC invocations=82 (full 0):
 garbage-first heap   total 273408K, used 138399K [0x0000000080000000, 0x0000000100000000)
  region size 1024K, 4 young (4096K), 4 survivors (4096K)
 Metaspace       used 100960K, committed 101952K, reserved 557056K
  class space    used 13649K, committed 14080K, reserved 425984K
}
Event: 661.130 GC heap before
{Heap before GC invocations=82 (full 0):
 garbage-first heap   total 273408K, used 147615K [0x0000000080000000, 0x0000000100000000)
  region size 1024K, 13 young (13312K), 4 survivors (4096K)
 Metaspace       used 100960K, committed 101952K, reserved 557056K
  class space    used 13649K, committed 14080K, reserved 425984K
}
Event: 661.155 GC heap after
{Heap after GC invocations=83 (full 0):
 garbage-first heap   total 273408K, used 138891K [0x0000000080000000, 0x0000000100000000)
  region size 1024K, 1 young (1024K), 1 survivors (1024K)
 Metaspace       used 100960K, committed 101952K, reserved 557056K
  class space    used 13649K, committed 14080K, reserved 425984K
}
Event: 723.170 GC heap before
{Heap before GC invocations=83 (full 0):
 garbage-first heap   total 273408K, used 211595K [0x0000000080000000, 0x0000000100000000)
  region size 1024K, 73 young (74752K), 1 survivors (1024K)
 Metaspace       used 101296K, committed 102272K, reserved 557056K
  class space    used 13679K, committed 14080K, reserved 425984K
}
Event: 723.184 GC heap after
{Heap after GC invocations=84 (full 0):
 garbage-first heap   total 273408K, used 141998K [0x0000000080000000, 0x0000000100000000)
  region size 1024K, 4 young (4096K), 4 survivors (4096K)
 Metaspace       used 101296K, committed 102272K, reserved 557056K
  class space    used 13679K, committed 14080K, reserved 425984K
}
Event: 855.724 GC heap before
{Heap before GC invocations=85 (full 0):
 garbage-first heap   total 273408K, used 215726K [0x0000000080000000, 0x0000000100000000)
  region size 1024K, 77 young (78848K), 4 survivors (4096K)
 Metaspace       used 101245K, committed 102272K, reserved 557056K
  class space    used 13652K, committed 14080K, reserved 425984K
}
Event: 855.763 GC heap after
{Heap after GC invocations=86 (full 0):
 garbage-first heap   total 273408K, used 141983K [0x0000000080000000, 0x0000000100000000)
  region size 1024K, 4 young (4096K), 4 survivors (4096K)
 Metaspace       used 101245K, committed 102272K, reserved 557056K
  class space    used 13652K, committed 14080K, reserved 425984K
}
Event: 860.503 GC heap before
{Heap before GC invocations=86 (full 0):
 garbage-first heap   total 273408K, used 157343K [0x0000000080000000, 0x0000000100000000)
  region size 1024K, 13 young (13312K), 4 survivors (4096K)
 Metaspace       used 101278K, committed 102272K, reserved 557056K
  class space    used 13654K, committed 14080K, reserved 425984K
}
Event: 860.598 GC heap after
{Heap after GC invocations=87 (full 0):
 garbage-first heap   total 273408K, used 151176K [0x0000000080000000, 0x0000000100000000)
  region size 1024K, 2 young (2048K), 2 survivors (2048K)
 Metaspace       used 101278K, committed 102272K, reserved 557056K
  class space    used 13654K, committed 14080K, reserved 425984K
}
Event: 932.159 GC heap before
{Heap before GC invocations=87 (full 0):
 garbage-first heap   total 273408K, used 219784K [0x0000000080000000, 0x0000000100000000)
  region size 1024K, 70 young (71680K), 2 survivors (2048K)
 Metaspace       used 103435K, committed 104384K, reserved 557056K
  class space    used 13928K, committed 14336K, reserved 425984K
}
Event: 932.251 GC heap after
{Heap after GC invocations=88 (full 0):
 garbage-first heap   total 273408K, used 155929K [0x0000000080000000, 0x0000000100000000)
  region size 1024K, 7 young (7168K), 7 survivors (7168K)
 Metaspace       used 103435K, committed 104384K, reserved 557056K
  class space    used 13928K, committed 14336K, reserved 425984K
}
Event: 1004.573 GC heap before
{Heap before GC invocations=89 (full 0):
 garbage-first heap   total 273408K, used 225561K [0x0000000080000000, 0x0000000100000000)
  region size 1024K, 73 young (74752K), 7 survivors (7168K)
 Metaspace       used 103469K, committed 104448K, reserved 557056K
  class space    used 13926K, committed 14336K, reserved 425984K
}
Event: 1004.601 GC heap after
{Heap after GC invocations=90 (full 0):
 garbage-first heap   total 273408K, used 160294K [0x0000000080000000, 0x0000000100000000)
  region size 1024K, 6 young (6144K), 6 survivors (6144K)
 Metaspace       used 103469K, committed 104448K, reserved 557056K
  class space    used 13926K, committed 14336K, reserved 425984K
}
Event: 1004.623 GC heap before
{Heap before GC invocations=90 (full 0):
 garbage-first heap   total 273408K, used 167462K [0x0000000080000000, 0x0000000100000000)
  region size 1024K, 13 young (13312K), 6 survivors (6144K)
 Metaspace       used 103469K, committed 104448K, reserved 557056K
  class space    used 13926K, committed 14336K, reserved 425984K
}
Event: 1004.658 GC heap after
{Heap after GC invocations=91 (full 0):
 garbage-first heap   total 273408K, used 159272K [0x0000000080000000, 0x0000000100000000)
  region size 1024K, 1 young (1024K), 1 survivors (1024K)
 Metaspace       used 103469K, committed 104448K, reserved 557056K
  class space    used 13926K, committed 14336K, reserved 425984K
}
Event: 1004.952 GC heap before
{Heap before GC invocations=91 (full 0):
 garbage-first heap   total 273408K, used 227880K [0x0000000080000000, 0x0000000100000000)
  region size 1024K, 68 young (69632K), 1 survivors (1024K)
 Metaspace       used 103469K, committed 104448K, reserved 557056K
  class space    used 13926K, committed 14336K, reserved 425984K
}

