# JRE version: OpenJDK Runtime Environment OpenLogic-OpenJDK (17.0.10+7) (build 17.0.10+7-adhoc..jdk17u)
# Java VM: OpenJDK 64-Bit Server VM OpenLogic-OpenJDK (17.0.10+7-adhoc..jdk17u, mixed mode, sharing, tiered, compressed oops, compressed class ptrs, g1 gc, windows-amd64)
GC Precious Log:
 CPUs: 4 total, 4 available
 Memory: 8073M
 Large Page Support: Disabled
 NUMA Support: Disabled
 Compressed Oops: Enabled (32-bit)
 Heap Region Size: 1M
 Heap Min Capacity: 8M
 Heap Initial Capacity: 128M
 Heap Max Capacity: 2G
 Pre-touch: Disabled
 Parallel Workers: 4
 Concurrent Workers: 1
 Concurrent Refinement Workers: 4
 Periodic GC: Disabled
Heap:
 garbage-first heap   total 121856K, used 74691K [0x0000000080000000, 0x0000000100000000)
  region size 1024K, 16 young (16384K), 5 survivors (5120K)
 Metaspace       used 68531K, committed 69184K, reserved 491520K
  class space    used 9435K, committed 9728K, reserved 425984K
GC Heap History (20 events):
Event: 14.470 GC heap before
{Heap before GC invocations=13 (full 0):
 garbage-first heap   total 81920K, used 61672K [0x0000000080000000, 0x0000000100000000)
  region size 1024K, 29 young (29696K), 4 survivors (4096K)
 Metaspace       used 48575K, committed 49152K, reserved 491520K
  class space    used 6658K, committed 6912K, reserved 425984K
}
Event: 14.476 GC heap after
{Heap after GC invocations=14 (full 0):
 garbage-first heap   total 81920K, used 41271K [0x0000000080000000, 0x0000000100000000)
  region size 1024K, 4 young (4096K), 4 survivors (4096K)
 Metaspace       used 48575K, committed 49152K, reserved 491520K
  class space    used 6658K, committed 6912K, reserved 425984K
}
Event: 14.983 GC heap before
{Heap before GC invocations=15 (full 0):
 garbage-first heap   total 81920K, used 69943K [0x0000000080000000, 0x0000000100000000)
  region size 1024K, 27 young (27648K), 4 survivors (4096K)
 Metaspace       used 51748K, committed 52352K, reserved 491520K
  class space    used 7068K, committed 7360K, reserved 425984K
}
Event: 14.988 GC heap after
{Heap after GC invocations=16 (full 0):
 garbage-first heap   total 81920K, used 51016K [0x0000000080000000, 0x0000000100000000)
  region size 1024K, 4 young (4096K), 4 survivors (4096K)
 Metaspace       used 51748K, committed 52352K, reserved 491520K
  class space    used 7068K, committed 7360K, reserved 425984K
}
Event: 15.291 GC heap before
{Heap before GC invocations=16 (full 0):
 garbage-first heap   total 81920K, used 66376K [0x0000000080000000, 0x0000000100000000)
  region size 1024K, 19 young (19456K), 4 survivors (4096K)
 Metaspace       used 53481K, committed 54016K, reserved 491520K
  class space    used 7355K, committed 7616K, reserved 425984K
}
Event: 15.297 GC heap after
{Heap after GC invocations=17 (full 0):
 garbage-first heap   total 81920K, used 51549K [0x0000000080000000, 0x0000000100000000)
  region size 1024K, 1 young (1024K), 1 survivors (1024K)
 Metaspace       used 53481K, committed 54016K, reserved 491520K
  class space    used 7355K, committed 7616K, reserved 425984K
}
Event: 15.655 GC heap before
{Heap before GC invocations=18 (full 0):
 garbage-first heap   total 91136K, used 67933K [0x0000000080000000, 0x0000000100000000)
  region size 1024K, 17 young (17408K), 1 survivors (1024K)
 Metaspace       used 55159K, committed 55808K, reserved 491520K
  class space    used 7584K, committed 7872K, reserved 425984K
}
Event: 15.658 GC heap after
{Heap after GC invocations=19 (full 0):
 garbage-first heap   total 91136K, used 52542K [0x0000000080000000, 0x0000000100000000)
  region size 1024K, 2 young (2048K), 2 survivors (2048K)
 Metaspace       used 55159K, committed 55808K, reserved 491520K
  class space    used 7584K, committed 7872K, reserved 425984K
}
Event: 16.003 GC heap before
{Heap before GC invocations=19 (full 0):
 garbage-first heap   total 91136K, used 74046K [0x0000000080000000, 0x0000000100000000)
  region size 1024K, 23 young (23552K), 2 survivors (2048K)
 Metaspace       used 57710K, committed 58304K, reserved 491520K
  class space    used 7968K, committed 8256K, reserved 425984K
}
Event: 16.007 GC heap after
{Heap after GC invocations=20 (full 0):
 garbage-first heap   total 91136K, used 53661K [0x0000000080000000, 0x0000000100000000)
  region size 1024K, 3 young (3072K), 3 survivors (3072K)
 Metaspace       used 57710K, committed 58304K, reserved 491520K
  class space    used 7968K, committed 8256K, reserved 425984K
}
Event: 16.334 GC heap before
{Heap before GC invocations=21 (full 0):
 garbage-first heap   total 101376K, used 75165K [0x0000000080000000, 0x0000000100000000)
  region size 1024K, 24 young (24576K), 3 survivors (3072K)
 Metaspace       used 60406K, committed 60992K, reserved 491520K
  class space    used 8303K, committed 8576K, reserved 425984K
}
Event: 16.338 GC heap after
{Heap after GC invocations=22 (full 0):
 garbage-first heap   total 101376K, used 55471K [0x0000000080000000, 0x0000000100000000)
  region size 1024K, 3 young (3072K), 3 survivors (3072K)
 Metaspace       used 60406K, committed 60992K, reserved 491520K
  class space    used 8303K, committed 8576K, reserved 425984K
}
Event: 17.018 GC heap before
{Heap before GC invocations=22 (full 0):
 garbage-first heap   total 101376K, used 82095K [0x0000000080000000, 0x0000000100000000)
  region size 1024K, 30 young (30720K), 3 survivors (3072K)
 Metaspace       used 62605K, committed 63232K, reserved 491520K
  class space    used 8599K, committed 8896K, reserved 425984K
}
Event: 17.025 GC heap after
{Heap after GC invocations=23 (full 0):
 garbage-first heap   total 121856K, used 57256K [0x0000000080000000, 0x0000000100000000)
  region size 1024K, 4 young (4096K), 4 survivors (4096K)
 Metaspace       used 62605K, committed 63232K, reserved 491520K
  class space    used 8599K, committed 8896K, reserved 425984K
}
Event: 17.966 GC heap before
{Heap before GC invocations=24 (full 0):
 garbage-first heap   total 121856K, used 98216K [0x0000000080000000, 0x0000000100000000)
  region size 1024K, 44 young (45056K), 4 survivors (4096K)
 Metaspace       used 64879K, committed 65472K, reserved 491520K
  class space    used 8930K, committed 9216K, reserved 425984K
}
Event: 17.976 GC heap after
{Heap after GC invocations=25 (full 0):
 garbage-first heap   total 121856K, used 61139K [0x0000000080000000, 0x0000000100000000)
  region size 1024K, 6 young (6144K), 6 survivors (6144K)
 Metaspace       used 64879K, committed 65472K, reserved 491520K
  class space    used 8930K, committed 9216K, reserved 425984K
}
Event: 17.998 GC heap before
{Heap before GC invocations=25 (full 0):
 garbage-first heap   total 121856K, used 62163K [0x0000000080000000, 0x0000000100000000)
  region size 1024K, 7 young (7168K), 6 survivors (6144K)
 Metaspace       used 64980K, committed 65600K, reserved 491520K
  class space    used 8946K, committed 9216K, reserved 425984K
}
Event: 18.004 GC heap after
{Heap after GC invocations=26 (full 0):
 garbage-first heap   total 121856K, used 61229K [0x0000000080000000, 0x0000000100000000)
  region size 1024K, 1 young (1024K), 1 survivors (1024K)
 Metaspace       used 64980K, committed 65600K, reserved 491520K
  class space    used 8946K, committed 9216K, reserved 425984K
}
Event: 18.961 GC heap before
{Heap before GC invocations=26 (full 0):
 garbage-first heap   total 121856K, used 97069K [0x0000000080000000, 0x0000000100000000)
  region size 1024K, 37 young (37888K), 1 survivors (1024K)
 Metaspace       used 68443K, committed 69120K, reserved 491520K
  class space    used 9435K, committed 9728K, reserved 425984K
}
Event: 18.967 GC heap after
{Heap after GC invocations=27 (full 0):
 garbage-first heap   total 121856K, used 64451K [0x0000000080000000, 0x0000000100000000)
  region size 1024K, 5 young (5120K), 5 survivors (5120K)
 Metaspace       used 68443K, committed 69120K, reserved 491520K
  class space    used 9435K, committed 9728K, reserved 425984K
}

